JOB_ID=13575138
hostname=cpn-u22-21.core.ccr.buffalo.edu
ARCH=avx512
Fri Sep 29 08:34:53 AM UTC 2023

running SEQ with MEMORY=128G N=100 M=100
1.3979e-05

running OMP with MEMORY=128G CPUS=0-0 N=100 M=100
2.0877e-05

running OMP with MEMORY=128G CPUS=0-1 N=100 M=100
0.0254526

running OMP with MEMORY=128G CPUS=0-3 N=100 M=100
0.00633029

running OMP with MEMORY=128G CPUS=0-7 N=100 M=100
0.000281261

running OMP with MEMORY=128G CPUS=0-15 N=100 M=100
0.000514381

running OMP with MEMORY=128G CPUS=0-31 N=100 M=100
0.000927085

running SEQ with MEMORY=128G N=100 M=1000
0.000166665

running OMP with MEMORY=128G CPUS=0-0 N=100 M=1000
0.000146568

running OMP with MEMORY=128G CPUS=0-1 N=100 M=1000
0.0257267

running OMP with MEMORY=128G CPUS=0-3 N=100 M=1000
0.000517112

running OMP with MEMORY=128G CPUS=0-7 N=100 M=1000
0.000321386

running OMP with MEMORY=128G CPUS=0-15 N=100 M=1000
0.000556758

running OMP with MEMORY=128G CPUS=0-31 N=100 M=1000
0.00102528

running SEQ with MEMORY=128G N=100 M=10000
0.00169661

running OMP with MEMORY=128G CPUS=0-0 N=100 M=10000
0.00146539

running OMP with MEMORY=128G CPUS=0-1 N=100 M=10000
0.0177919

running OMP with MEMORY=128G CPUS=0-3 N=100 M=10000
0.00166666

running OMP with MEMORY=128G CPUS=0-7 N=100 M=10000
0.00067749

running OMP with MEMORY=128G CPUS=0-15 N=100 M=10000
0.000784648

running OMP with MEMORY=128G CPUS=0-31 N=100 M=10000
0.0012261

running SEQ with MEMORY=128G N=100 M=100000
0.0154299

running OMP with MEMORY=128G CPUS=0-0 N=100 M=100000
0.0152703

running OMP with MEMORY=128G CPUS=0-1 N=100 M=100000
0.0283543

running OMP with MEMORY=128G CPUS=0-3 N=100 M=100000
0.0185356

running OMP with MEMORY=128G CPUS=0-7 N=100 M=100000
0.00474286

running OMP with MEMORY=128G CPUS=0-15 N=100 M=100000
0.00330035

running OMP with MEMORY=128G CPUS=0-31 N=100 M=100000
0.00276122

running SEQ with MEMORY=128G N=100 M=1000000
0.153891

running OMP with MEMORY=128G CPUS=0-0 N=100 M=1000000
0.15448

running OMP with MEMORY=128G CPUS=0-1 N=100 M=1000000
0.125446

running OMP with MEMORY=128G CPUS=0-3 N=100 M=1000000
0.0723715

running OMP with MEMORY=128G CPUS=0-7 N=100 M=1000000
0.0239738

running OMP with MEMORY=128G CPUS=0-15 N=100 M=1000000
0.0158199

running OMP with MEMORY=128G CPUS=0-31 N=100 M=1000000
0.0155035

running SEQ with MEMORY=128G N=1000 M=100
0.000121941

running OMP with MEMORY=128G CPUS=0-0 N=1000 M=100
0.000125621

running OMP with MEMORY=128G CPUS=0-1 N=1000 M=100
0.0254264

running OMP with MEMORY=128G CPUS=0-3 N=1000 M=100
0.0254657

running OMP with MEMORY=128G CPUS=0-7 N=1000 M=100
0.000316102

running OMP with MEMORY=128G CPUS=0-15 N=1000 M=100
0.000604932

running OMP with MEMORY=128G CPUS=0-31 N=1000 M=100
0.00106269

running SEQ with MEMORY=128G N=1000 M=1000
0.00167095

running OMP with MEMORY=128G CPUS=0-0 N=1000 M=1000
0.00168163

running OMP with MEMORY=128G CPUS=0-1 N=1000 M=1000
0.0149981

running OMP with MEMORY=128G CPUS=0-3 N=1000 M=1000
0.00301545

running OMP with MEMORY=128G CPUS=0-7 N=1000 M=1000
0.000768209

running OMP with MEMORY=128G CPUS=0-15 N=1000 M=1000
0.000772158

running OMP with MEMORY=128G CPUS=0-31 N=1000 M=1000
0.00123977

running SEQ with MEMORY=128G N=1000 M=10000
0.015955

running OMP with MEMORY=128G CPUS=0-0 N=1000 M=10000
0.0152271

running OMP with MEMORY=128G CPUS=0-1 N=1000 M=10000
0.0199035

running OMP with MEMORY=128G CPUS=0-3 N=1000 M=10000
0.0204552

running OMP with MEMORY=128G CPUS=0-7 N=1000 M=10000
0.0039607

running OMP with MEMORY=128G CPUS=0-15 N=1000 M=10000
0.0031145

running OMP with MEMORY=128G CPUS=0-31 N=1000 M=10000
0.0025148

running SEQ with MEMORY=128G N=1000 M=100000
0.155202

running OMP with MEMORY=128G CPUS=0-0 N=1000 M=100000
0.154395

running OMP with MEMORY=128G CPUS=0-1 N=1000 M=100000
0.131781

running OMP with MEMORY=128G CPUS=0-3 N=1000 M=100000
0.0735033

running OMP with MEMORY=128G CPUS=0-7 N=1000 M=100000
0.0242417

running OMP with MEMORY=128G CPUS=0-15 N=1000 M=100000
0.0143874

running OMP with MEMORY=128G CPUS=0-31 N=1000 M=100000
0.0138547

running SEQ with MEMORY=128G N=1000 M=1000000
1.55255

running OMP with MEMORY=128G CPUS=0-0 N=1000 M=1000000
1.54169

running OMP with MEMORY=128G CPUS=0-1 N=1000 M=1000000
0.852592

running OMP with MEMORY=128G CPUS=0-3 N=1000 M=1000000
0.491763

running OMP with MEMORY=128G CPUS=0-7 N=1000 M=1000000
0.217083

running OMP with MEMORY=128G CPUS=0-15 N=1000 M=1000000
0.137743

running OMP with MEMORY=128G CPUS=0-31 N=1000 M=1000000
0.131122

running SEQ with MEMORY=128G N=10000 M=100
0.0024096

running OMP with MEMORY=128G CPUS=0-0 N=10000 M=100
0.00137472

running OMP with MEMORY=128G CPUS=0-1 N=10000 M=100
0.0261059

running OMP with MEMORY=128G CPUS=0-3 N=10000 M=100
0.0262013

running OMP with MEMORY=128G CPUS=0-7 N=10000 M=100
0.000693246

running OMP with MEMORY=128G CPUS=0-15 N=10000 M=100
0.000748488

running OMP with MEMORY=128G CPUS=0-31 N=10000 M=100
0.00118139

running SEQ with MEMORY=128G N=10000 M=1000
0.0150323

running OMP with MEMORY=128G CPUS=0-0 N=10000 M=1000
0.0149552

running OMP with MEMORY=128G CPUS=0-1 N=10000 M=1000
0.0213239

running OMP with MEMORY=128G CPUS=0-3 N=10000 M=1000
0.0294285

running OMP with MEMORY=128G CPUS=0-7 N=10000 M=1000
0.00399076

running OMP with MEMORY=128G CPUS=0-15 N=10000 M=1000
0.0028561

running OMP with MEMORY=128G CPUS=0-31 N=10000 M=1000
0.00242817

running SEQ with MEMORY=128G N=10000 M=10000
0.153952

running OMP with MEMORY=128G CPUS=0-0 N=10000 M=10000
0.15288

running OMP with MEMORY=128G CPUS=0-1 N=10000 M=10000
0.131162

running OMP with MEMORY=128G CPUS=0-3 N=10000 M=10000
0.0730454

running OMP with MEMORY=128G CPUS=0-7 N=10000 M=10000
0.0567253

running OMP with MEMORY=128G CPUS=0-15 N=10000 M=10000
0.0144887

running OMP with MEMORY=128G CPUS=0-31 N=10000 M=10000
0.0143851

running SEQ with MEMORY=128G N=10000 M=100000
1.54902

running OMP with MEMORY=128G CPUS=0-0 N=10000 M=100000
1.55399

running OMP with MEMORY=128G CPUS=0-1 N=10000 M=100000
0.883674

running OMP with MEMORY=128G CPUS=0-3 N=10000 M=100000
0.447776

running OMP with MEMORY=128G CPUS=0-7 N=10000 M=100000
0.21624

running OMP with MEMORY=128G CPUS=0-15 N=10000 M=100000
0.135402

running OMP with MEMORY=128G CPUS=0-31 N=10000 M=100000
0.130085

running SEQ with MEMORY=128G N=10000 M=1000000
15.712

running OMP with MEMORY=128G CPUS=0-0 N=10000 M=1000000
15.6932

running OMP with MEMORY=128G CPUS=0-1 N=10000 M=1000000
8.37193

running OMP with MEMORY=128G CPUS=0-3 N=10000 M=1000000
8.32916

running OMP with MEMORY=128G CPUS=0-7 N=10000 M=1000000
4.19928

running OMP with MEMORY=128G CPUS=0-15 N=10000 M=1000000
2.20417

running OMP with MEMORY=128G CPUS=0-31 N=10000 M=1000000
1.50652

running SEQ with MEMORY=128G N=100000 M=100
0.0127951

running OMP with MEMORY=128G CPUS=0-0 N=100000 M=100
0.0127932

running OMP with MEMORY=128G CPUS=0-1 N=100000 M=100
0.0173512

running OMP with MEMORY=128G CPUS=0-3 N=100000 M=100
0.0114406

running OMP with MEMORY=128G CPUS=0-7 N=100000 M=100
0.00418196

running OMP with MEMORY=128G CPUS=0-15 N=100000 M=100
0.00263316

running OMP with MEMORY=128G CPUS=0-31 N=100000 M=100
0.00246944

running SEQ with MEMORY=128G N=100000 M=1000
0.15194

running OMP with MEMORY=128G CPUS=0-0 N=100000 M=1000
0.150842

running OMP with MEMORY=128G CPUS=0-1 N=100000 M=1000
0.103319

running OMP with MEMORY=128G CPUS=0-3 N=100000 M=1000
0.0722461

running OMP with MEMORY=128G CPUS=0-7 N=100000 M=1000
0.0225756

running OMP with MEMORY=128G CPUS=0-15 N=100000 M=1000
0.0144075

running OMP with MEMORY=128G CPUS=0-31 N=100000 M=1000
0.0141781

running SEQ with MEMORY=128G N=100000 M=10000
1.53524

running OMP with MEMORY=128G CPUS=0-0 N=100000 M=10000
1.54274

running OMP with MEMORY=128G CPUS=0-1 N=100000 M=10000
0.890016

running OMP with MEMORY=128G CPUS=0-3 N=100000 M=10000
0.468054

running OMP with MEMORY=128G CPUS=0-7 N=100000 M=10000
0.217503

running OMP with MEMORY=128G CPUS=0-15 N=100000 M=10000
0.136381

running OMP with MEMORY=128G CPUS=0-31 N=100000 M=10000
0.132082

running SEQ with MEMORY=128G N=100000 M=100000
15.6732

running OMP with MEMORY=128G CPUS=0-0 N=100000 M=100000
15.7313

running OMP with MEMORY=128G CPUS=0-1 N=100000 M=100000
8.43022

running OMP with MEMORY=128G CPUS=0-3 N=100000 M=100000
8.03097

running OMP with MEMORY=128G CPUS=0-7 N=100000 M=100000
4.05293

running OMP with MEMORY=128G CPUS=0-15 N=100000 M=100000
2.18259

running OMP with MEMORY=128G CPUS=0-31 N=100000 M=100000
1.47776
