JOB_ID=14388586
hostname=cpn-u24-21.compute.cbls.ccr.buffalo.edu
ARCH=avx512
Fri Dec  8 04:26:00 AM UTC 2023

running job with MEMORY=128G CPUS=0-0 N=10000 M=10000
0.759614
0.772135
0.765334

running job with MEMORY=128G CPUS=0-1 N=10000 M=10000
0.783495
0.8075
0.868519

running job with MEMORY=128G CPUS=0-3 N=10000 M=10000
0.410782
0.629464
0.581826

running job with MEMORY=128G CPUS=0-5 N=10000 M=10000
0.486268
0.508908
0.499289

running job with MEMORY=128G CPUS=0-7 N=10000 M=10000
0.325352
0.426368
0.46512

running job with MEMORY=128G CPUS=0-9 N=10000 M=10000
0.384173
0.399102
0.423955

running job with MEMORY=128G CPUS=0-0 N=20000 M=20000
5.89774
5.8829
5.88762

running job with MEMORY=128G CPUS=0-1 N=20000 M=20000
3.9567
3.92148
3.971

running job with MEMORY=128G CPUS=0-3 N=20000 M=20000
1.7787
2.08152
1.79964

running job with MEMORY=128G CPUS=0-5 N=20000 M=20000
1.20464
1.41787
1.24078

running job with MEMORY=128G CPUS=0-7 N=20000 M=20000
1.08615
1.04587
1.05433

running job with MEMORY=128G CPUS=0-9 N=20000 M=20000
0.925585
0.929408
0.834959

running job with MEMORY=128G CPUS=0-0 N=40000 M=40000
30.6586
30.6608
30.6225

running job with MEMORY=128G CPUS=0-1 N=40000 M=40000
19.7733
18.6959
19.3775

running job with MEMORY=128G CPUS=0-3 N=40000 M=40000
9.16326
10.5386
10.4816

running job with MEMORY=128G CPUS=0-5 N=40000 M=40000
7.50767
7.25594
7.63511

running job with MEMORY=128G CPUS=0-7 N=40000 M=40000
6.05192
6.01759
5.73659

running job with MEMORY=128G CPUS=0-9 N=40000 M=40000
4.65136
5.18593
5.31672

running job with MEMORY=128G CPUS=0-0 N=60000 M=60000
70.8289
70.8964
70.5321

running job with MEMORY=128G CPUS=0-1 N=60000 M=60000
43.5701
43.2667
43.7561

running job with MEMORY=128G CPUS=0-3 N=60000 M=60000
24.2849
24.2375
24.2839

running job with MEMORY=128G CPUS=0-5 N=60000 M=60000
18.5091
19.0697
19.1315

running job with MEMORY=128G CPUS=0-7 N=60000 M=60000
16.105
16.5667
16.084

running job with MEMORY=128G CPUS=0-9 N=60000 M=60000
14.1056
14.8457
14.364

running job with MEMORY=128G CPUS=0-0 N=80000 M=80000
142.121
142.318
142.238

running job with MEMORY=128G CPUS=0-1 N=80000 M=80000
88.1684
88.0501
88.3163

running job with MEMORY=128G CPUS=0-3 N=80000 M=80000
47.56
46.9257
48.1938

running job with MEMORY=128G CPUS=0-5 N=80000 M=80000
35.65
35.1422
33.3106

running job with MEMORY=128G CPUS=0-7 N=80000 M=80000
30.4715
30.5162
30.0834

running job with MEMORY=128G CPUS=0-9 N=80000 M=80000
25.4964
26.9722
26.1194

running job with MEMORY=128G CPUS=0-0 N=100000 M=100000
211.723
212.085
211.52

running job with MEMORY=128G CPUS=0-1 N=100000 M=100000
127.336
126.779
124.127

running job with MEMORY=128G CPUS=0-3 N=100000 M=100000
80.3563
82.3894
78.3683

running job with MEMORY=128G CPUS=0-5 N=100000 M=100000
70.2761
68.9818
67.8908

running job with MEMORY=128G CPUS=0-7 N=100000 M=100000
57.9416
58.0717
58.9185

running job with MEMORY=128G CPUS=0-9 N=100000 M=100000
52.5392
52.3095
51.7534

